[2024-05-07 00:01:11] INFO root fetch - main [MainThread]: Get Changelog since Serial: [23085008]
[2024-05-07 00:01:16] INFO root fetch - main [MainThread]: Found 18 changed packages
[2024-05-07 00:01:16] INFO root fetch - processPackages [ThreadPoolExecutor-0_0]: Start processing: gandai
[2024-05-07 00:01:16] INFO root fetch - processPackages [ThreadPoolExecutor-0_1]: Start processing: gdshoplib
[2024-05-07 00:01:16] INFO root fetch - processPackages [ThreadPoolExecutor-0_2]: Start processing: vital-ai-haley-kg
[2024-05-07 00:01:16] INFO root fetch - processPackages [ThreadPoolExecutor-0_3]: Start processing: lasertools-pulsedispersiondata
[2024-05-07 00:01:16] INFO root fetch - processPackages [ThreadPoolExecutor-0_4]: Start processing: epigraphhub
[2024-05-07 00:01:16] INFO root fetch - processPackages [ThreadPoolExecutor-0_5]: Start processing: sbcli-mig
[2024-05-07 00:01:16] INFO root fetch - processPackages [ThreadPoolExecutor-0_6]: Start processing: aws-solutions-constructs.aws-alb-fargate
[2024-05-07 00:01:16] INFO root fetch - processPackages [ThreadPoolExecutor-0_7]: Start processing: aws-solutions-constructs.aws-alb-lambda
[2024-05-07 00:01:16] INFO root fetch - processPackages [ThreadPoolExecutor-0_8]: Start processing: aws-solutions-constructs.aws-apigateway-dynamodb
[2024-05-07 00:01:16] INFO root fetch - processPackages [ThreadPoolExecutor-0_9]: Start processing: aws-solutions-constructs.aws-apigateway-iot
[2024-05-07 00:01:16] WARNING root fetch - processPackages [lasertools-pulsedispersiondata]: Skipping, unable to determine old version
[2024-05-07 00:01:16] INFO root fetch - processPackages [lasertools-pulsedispersiondata]: Start processing: aws-solutions-constructs.aws-apigateway-kinesisstreams
[2024-05-07 00:01:16] INFO root fetch - main [MainThread]: End processing [lasertools-pulsedispersiondata] error
[2024-05-07 00:01:16] INFO root fetch - processPackages [sbcli-mig]: New version: [1.0.9] Old Version: [1.0.88]
[2024-05-07 00:01:16] INFO root fetch - processPackages [gandai]: New version: [1.7.40] Old Version: [1.7.35]
[2024-05-07 00:01:16] INFO root fetch - processPackages [gdshoplib]: New version: [2.5.2] Old Version: [2.5.1]
[2024-05-07 00:01:16] INFO root fetch - processPackages [vital-ai-haley-kg]: New version: [0.1.4] Old Version: [0.1.3]
[2024-05-07 00:01:16] INFO root fetch - processPackages [epigraphhub]: New version: [2.1.1] Old Version: [2.1.0]
[2024-05-07 00:01:16] INFO root fetch - processPackages [aws-solutions-constructs.aws-alb-lambda]: New version: [2.9.0] Old Version: [2.8.0]
[2024-05-07 00:01:16] INFO root fetch - processPackages [gandai]: Downloading https://files.pythonhosted.org/packages/1c/0e/faa847f6899d7bb66f4db4eba16d5d211c104539d3769df7a85a8f295003/gandai-1.7.35.tar.gz
[2024-05-07 00:01:16] INFO root fetch - processPackages [aws-solutions-constructs.aws-alb-fargate]: New version: [2.9.0] Old Version: [2.8.0]
[2024-05-07 00:01:16] INFO root fetch - processPackages [aws-solutions-constructs.aws-apigateway-iot]: New version: [2.9.0] Old Version: [2.8.0]
[2024-05-07 00:01:16] INFO root fetch - processPackages [aws-solutions-constructs.aws-apigateway-dynamodb]: New version: [2.9.0] Old Version: [2.8.0]
[2024-05-07 00:01:16] INFO root fetch - processPackages [aws-solutions-constructs.aws-apigateway-kinesisstreams]: New version: [2.9.0] Old Version: [2.8.0]
[2024-05-07 00:01:16] INFO root fetch - processPackages [sbcli-mig]: Downloading https://files.pythonhosted.org/packages/35/3a/d8da314a6f81ad9f39b53e5c72125d6f25a86ced89923c7579ec0e10dd32/sbcli_mig-1.0.88.zip
[2024-05-07 00:01:16] INFO root fetch - processPackages [gdshoplib]: Downloading https://files.pythonhosted.org/packages/84/73/7c218eaf9f0ffee21c15c497d890b746a9a3564b6855e8c96da9070ee12d/gdshoplib-2.5.1.tar.gz
[2024-05-07 00:01:16] INFO root fetch - processPackages [vital-ai-haley-kg]: Downloading https://files.pythonhosted.org/packages/cc/e8/471814174af62d6583ff87dc75fc1c8ab0d0e8a291ef47ae6a87538d0dd9/vital-ai-haley-kg-0.1.3.tar.gz
[2024-05-07 00:01:16] INFO root fetch - processPackages [epigraphhub]: Downloading https://files.pythonhosted.org/packages/51/86/976d32053e8408864db843c252b7bc1ff51a5051fb22cd9df7c674be8805/epigraphhub-2.1.0.tar.gz
[2024-05-07 00:01:16] INFO root fetch - processPackages [aws-solutions-constructs.aws-alb-lambda]: Downloading https://files.pythonhosted.org/packages/27/62/cc54f02f3ca960d7230e0f53c80ee7481acaef8bc79fbca65c7dd4eeba75/aws-solutions-constructs.aws-alb-lambda-2.8.0.tar.gz
[2024-05-07 00:01:16] INFO root fetch - processPackages [aws-solutions-constructs.aws-apigateway-iot]: Downloading https://files.pythonhosted.org/packages/d9/ac/a8bd69105db866beb248bc706692ac705ac06d54c7c2094a2227debd94b0/aws-solutions-constructs.aws-apigateway-iot-2.8.0.tar.gz
[2024-05-07 00:01:16] INFO root fetch - processPackages [aws-solutions-constructs.aws-apigateway-dynamodb]: Downloading https://files.pythonhosted.org/packages/3e/f7/34c3a3bb4c16907bb3d82080a27d2d679f30c02b96da50c0a23b5984e973/aws-solutions-constructs.aws-apigateway-dynamodb-2.8.0.tar.gz
[2024-05-07 00:01:16] INFO root fetch - processPackages [aws-solutions-constructs.aws-alb-fargate]: Downloading https://files.pythonhosted.org/packages/cb/6b/59bf328173e6e0d6151fb2b05fa9b0f815c31dbfeadc1b5f4a9f656489c1/aws-solutions-constructs.aws-alb-fargate-2.8.0.tar.gz
[2024-05-07 00:01:17] INFO root fetch - processPackages [aws-solutions-constructs.aws-apigateway-kinesisstreams]: Downloading https://files.pythonhosted.org/packages/9d/29/48f20aadea9bb8f79f10e812a4859011c547150c855f3dbad86044c935a4/aws-solutions-constructs.aws-apigateway-kinesisstreams-2.8.0.tar.gz
[2024-05-07 00:01:17] INFO root fetch - processPackages [gandai]: Downloading https://files.pythonhosted.org/packages/37/cc/b51affe5bd5963f2d52db2d7a54f24b4e35c3a9be2264c5f19e800c3ee6a/gandai-1.7.40.tar.gz
[2024-05-07 00:01:17] INFO root fetch - processPackages [gdshoplib]: Downloading https://files.pythonhosted.org/packages/a4/73/96745f5cd0f21f4ded60fb45c9841999babc08d98430ad6ffb8b50e9d41f/gdshoplib-2.5.2.tar.gz
[2024-05-07 00:01:17] INFO root fetch - processPackages [gandai]: executing diffoscope
[2024-05-07 00:01:17] INFO root fetch - processPackages [gandai]: podman run --user 0:0 --rm -w /home/abi/fetcher -v /home/abi/fetcher/tmp:/home/abi/fetcher/tmp:ro -v /home/abi/fetcher/20240507:/home/abi/fetcher/20240507:rw registry.salsa.debian.org/reproducible-builds/diffoscope --no-progress tmp/gandai-1.7.35.tar.gz tmp/gandai-1.7.40.tar.gz --markdown 20240507/g/gandai/1.7.35-1.7.40/README.md --exclude *.pyd
[2024-05-07 00:01:17] INFO root fetch - processPackages [epigraphhub]: Downloading https://files.pythonhosted.org/packages/17/d0/d28330851f98e3d057f8379f7646d324b2ecb2d4f69894d6a5ac9fd16e76/epigraphhub-2.1.1.tar.gz
[2024-05-07 00:01:17] INFO root fetch - processPackages [vital-ai-haley-kg]: Downloading https://files.pythonhosted.org/packages/ac/aa/522bfdeb21e2a86648c1529eceb9574266c1c546787ccd6789b39e69c217/vital-ai-haley-kg-0.1.4.tar.gz
[2024-05-07 00:01:17] INFO root fetch - processPackages [sbcli-mig]: Downloading https://files.pythonhosted.org/packages/4b/15/9c1afe915f08547ce582aeae079f597b2a173df003109bcd1d0f0bbf037e/sbcli-mig-1.0.9.zip
[2024-05-07 00:01:17] INFO root fetch - processPackages [aws-solutions-constructs.aws-alb-lambda]: Downloading https://files.pythonhosted.org/packages/4e/ae/7f2700dfff7c5bc14007379a4a1987d5d5dbf6de523ca5b0f7a92885980e/aws-solutions-constructs.aws-alb-lambda-2.9.0.tar.gz
[2024-05-07 00:01:17] INFO root fetch - processPackages [epigraphhub]: executing diffoscope
[2024-05-07 00:01:17] INFO root fetch - processPackages [epigraphhub]: podman run --user 0:0 --rm -w /home/abi/fetcher -v /home/abi/fetcher/tmp:/home/abi/fetcher/tmp:ro -v /home/abi/fetcher/20240507:/home/abi/fetcher/20240507:rw registry.salsa.debian.org/reproducible-builds/diffoscope --no-progress tmp/epigraphhub-2.1.0.tar.gz tmp/epigraphhub-2.1.1.tar.gz --markdown 20240507/e/epigraphhub/2.1.0-2.1.1/README.md --exclude *.pyd
[2024-05-07 00:01:17] INFO root fetch - processPackages [gdshoplib]: executing diffoscope
[2024-05-07 00:01:17] INFO root fetch - processPackages [gdshoplib]: podman run --user 0:0 --rm -w /home/abi/fetcher -v /home/abi/fetcher/tmp:/home/abi/fetcher/tmp:ro -v /home/abi/fetcher/20240507:/home/abi/fetcher/20240507:rw registry.salsa.debian.org/reproducible-builds/diffoscope --no-progress tmp/gdshoplib-2.5.1.tar.gz tmp/gdshoplib-2.5.2.tar.gz --markdown 20240507/g/gdshoplib/2.5.1-2.5.2/README.md --exclude *.pyd
[2024-05-07 00:01:17] INFO root fetch - processPackages [vital-ai-haley-kg]: executing diffoscope
[2024-05-07 00:01:17] INFO root fetch - processPackages [vital-ai-haley-kg]: podman run --user 0:0 --rm -w /home/abi/fetcher -v /home/abi/fetcher/tmp:/home/abi/fetcher/tmp:ro -v /home/abi/fetcher/20240507:/home/abi/fetcher/20240507:rw registry.salsa.debian.org/reproducible-builds/diffoscope --no-progress tmp/vital-ai-haley-kg-0.1.3.tar.gz tmp/vital-ai-haley-kg-0.1.4.tar.gz --markdown 20240507/v/vital-ai-haley-kg/0.1.3-0.1.4/README.md --exclude *.pyd
[2024-05-07 00:01:17] INFO root fetch - processPackages [aws-solutions-constructs.aws-alb-fargate]: Downloading https://files.pythonhosted.org/packages/59/5b/e28416aabf91d1e5c6f0b7b167e67274aaf00049992eda2accbf05711945/aws-solutions-constructs.aws-alb-fargate-2.9.0.tar.gz
[2024-05-07 00:01:17] INFO root fetch - processPackages [sbcli-mig]: executing diffoscope
[2024-05-07 00:01:17] INFO root fetch - processPackages [sbcli-mig]: podman run --user 0:0 --rm -w /home/abi/fetcher -v /home/abi/fetcher/tmp:/home/abi/fetcher/tmp:ro -v /home/abi/fetcher/20240507:/home/abi/fetcher/20240507:rw registry.salsa.debian.org/reproducible-builds/diffoscope --no-progress tmp/sbcli_mig-1.0.88.zip tmp/sbcli-mig-1.0.9.zip --markdown 20240507/s/sbcli-mig/1.0.88-1.0.9/README.md --exclude *.pyd
[2024-05-07 00:01:17] INFO root fetch - processPackages [aws-solutions-constructs.aws-apigateway-iot]: Downloading https://files.pythonhosted.org/packages/1a/39/1414ee4fb070071bc12268a01099e5fdcff7bf6f1a040f727775b251a452/aws-solutions-constructs.aws-apigateway-iot-2.9.0.tar.gz
[2024-05-07 00:01:17] INFO root fetch - processPackages [aws-solutions-constructs.aws-apigateway-dynamodb]: Downloading https://files.pythonhosted.org/packages/48/c7/9b94bf3c93589a545b105557c96d9b29cf960df812cd57e9e53ed00a4c69/aws-solutions-constructs.aws-apigateway-dynamodb-2.9.0.tar.gz
[2024-05-07 00:01:17] INFO root fetch - processPackages [aws-solutions-constructs.aws-apigateway-kinesisstreams]: Downloading https://files.pythonhosted.org/packages/9b/a9/3c6f1da76ad47142f15cb88127c881d85e162438342caa099bacd5368e15/aws-solutions-constructs.aws-apigateway-kinesisstreams-2.9.0.tar.gz
[2024-05-07 00:01:17] INFO root fetch - processPackages [aws-solutions-constructs.aws-alb-lambda]: executing diffoscope
[2024-05-07 00:01:17] INFO root fetch - processPackages [aws-solutions-constructs.aws-alb-lambda]: podman run --user 0:0 --rm -w /home/abi/fetcher -v /home/abi/fetcher/tmp:/home/abi/fetcher/tmp:ro -v /home/abi/fetcher/20240507:/home/abi/fetcher/20240507:rw registry.salsa.debian.org/reproducible-builds/diffoscope --no-progress tmp/aws-solutions-constructs.aws-alb-lambda-2.8.0.tar.gz tmp/aws-solutions-constructs.aws-alb-lambda-2.9.0.tar.gz --markdown 20240507/a/aws-solutions-constructs.aws-alb-lambda/2.8.0-2.9.0/README.md --exclude *.pyd
[2024-05-07 00:01:17] INFO root fetch - processPackages [aws-solutions-constructs.aws-alb-fargate]: executing diffoscope
[2024-05-07 00:01:17] INFO root fetch - processPackages [aws-solutions-constructs.aws-alb-fargate]: podman run --user 0:0 --rm -w /home/abi/fetcher -v /home/abi/fetcher/tmp:/home/abi/fetcher/tmp:ro -v /home/abi/fetcher/20240507:/home/abi/fetcher/20240507:rw registry.salsa.debian.org/reproducible-builds/diffoscope --no-progress tmp/aws-solutions-constructs.aws-alb-fargate-2.8.0.tar.gz tmp/aws-solutions-constructs.aws-alb-fargate-2.9.0.tar.gz --markdown 20240507/a/aws-solutions-constructs.aws-alb-fargate/2.8.0-2.9.0/README.md --exclude *.pyd
[2024-05-07 00:01:17] INFO root fetch - processPackages [aws-solutions-constructs.aws-apigateway-iot]: executing diffoscope
[2024-05-07 00:01:17] INFO root fetch - processPackages [aws-solutions-constructs.aws-apigateway-iot]: podman run --user 0:0 --rm -w /home/abi/fetcher -v /home/abi/fetcher/tmp:/home/abi/fetcher/tmp:ro -v /home/abi/fetcher/20240507:/home/abi/fetcher/20240507:rw registry.salsa.debian.org/reproducible-builds/diffoscope --no-progress tmp/aws-solutions-constructs.aws-apigateway-iot-2.8.0.tar.gz tmp/aws-solutions-constructs.aws-apigateway-iot-2.9.0.tar.gz --markdown 20240507/a/aws-solutions-constructs.aws-apigateway-iot/2.8.0-2.9.0/README.md --exclude *.pyd
[2024-05-07 00:01:17] INFO root fetch - processPackages [aws-solutions-constructs.aws-apigateway-kinesisstreams]: executing diffoscope
[2024-05-07 00:01:17] INFO root fetch - processPackages [aws-solutions-constructs.aws-apigateway-kinesisstreams]: podman run --user 0:0 --rm -w /home/abi/fetcher -v /home/abi/fetcher/tmp:/home/abi/fetcher/tmp:ro -v /home/abi/fetcher/20240507:/home/abi/fetcher/20240507:rw registry.salsa.debian.org/reproducible-builds/diffoscope --no-progress tmp/aws-solutions-constructs.aws-apigateway-kinesisstreams-2.8.0.tar.gz tmp/aws-solutions-constructs.aws-apigateway-kinesisstreams-2.9.0.tar.gz --markdown 20240507/a/aws-solutions-constructs.aws-apigateway-kinesisstreams/2.8.0-2.9.0/README.md --exclude *.pyd
[2024-05-07 00:01:17] INFO root fetch - processPackages [aws-solutions-constructs.aws-apigateway-dynamodb]: executing diffoscope
[2024-05-07 00:01:17] INFO root fetch - processPackages [aws-solutions-constructs.aws-apigateway-dynamodb]: podman run --user 0:0 --rm -w /home/abi/fetcher -v /home/abi/fetcher/tmp:/home/abi/fetcher/tmp:ro -v /home/abi/fetcher/20240507:/home/abi/fetcher/20240507:rw registry.salsa.debian.org/reproducible-builds/diffoscope --no-progress tmp/aws-solutions-constructs.aws-apigateway-dynamodb-2.8.0.tar.gz tmp/aws-solutions-constructs.aws-apigateway-dynamodb-2.9.0.tar.gz --markdown 20240507/a/aws-solutions-constructs.aws-apigateway-dynamodb/2.8.0-2.9.0/README.md --exclude *.pyd
[2024-05-07 00:01:18] INFO root fetch - processPackages [gandai]: Remove: archive file [/home/abi/fetcher/tmp/gandai-1.7.35.tar.gz]
[2024-05-07 00:01:18] INFO root fetch - processPackages [gandai]: Remove: archive file [/home/abi/fetcher/tmp/gandai-1.7.40.tar.gz]
[2024-05-07 00:01:18] INFO root fetch - processPackages [gandai]: Start processing: aws-solutions-constructs.aws-apigateway-lambda
[2024-05-07 00:01:18] INFO root fetch - main [MainThread]: End processing [gandai]: success
[2024-05-07 00:01:18] INFO root fetch - processPackages [epigraphhub]: Remove: archive file [/home/abi/fetcher/tmp/epigraphhub-2.1.0.tar.gz]
[2024-05-07 00:01:18] INFO root fetch - processPackages [epigraphhub]: Remove: archive file [/home/abi/fetcher/tmp/epigraphhub-2.1.1.tar.gz]
[2024-05-07 00:01:18] INFO root fetch - processPackages [epigraphhub]: Start processing: aws-solutions-constructs.aws-apigateway-sagemakerendpoint
[2024-05-07 00:01:18] INFO root fetch - main [MainThread]: End processing [epigraphhub]: success
[2024-05-07 00:01:18] INFO root fetch - processPackages [aws-solutions-constructs.aws-alb-fargate]: Remove: archive file [/home/abi/fetcher/tmp/aws-solutions-constructs.aws-alb-fargate-2.8.0.tar.gz]
[2024-05-07 00:01:18] INFO root fetch - processPackages [aws-solutions-constructs.aws-alb-fargate]: Remove: archive file [/home/abi/fetcher/tmp/aws-solutions-constructs.aws-alb-fargate-2.9.0.tar.gz]
[2024-05-07 00:01:18] INFO root fetch - processPackages [aws-solutions-constructs.aws-alb-fargate]: Start processing: aws-solutions-constructs.aws-apigateway-sqs
[2024-05-07 00:01:18] INFO root fetch - main [MainThread]: End processing [aws-solutions-constructs.aws-alb-fargate]: success
[2024-05-07 00:01:18] INFO root fetch - processPackages [aws-solutions-constructs.aws-apigateway-kinesisstreams]: Remove: archive file [/home/abi/fetcher/tmp/aws-solutions-constructs.aws-apigateway-kinesisstreams-2.8.0.tar.gz]
[2024-05-07 00:01:18] INFO root fetch - processPackages [aws-solutions-constructs.aws-apigateway-kinesisstreams]: Remove: archive file [/home/abi/fetcher/tmp/aws-solutions-constructs.aws-apigateway-kinesisstreams-2.9.0.tar.gz]
[2024-05-07 00:01:18] INFO root fetch - processPackages [aws-solutions-constructs.aws-apigateway-kinesisstreams]: Start processing: aws-solutions-constructs.aws-cloudfront-apigateway
[2024-05-07 00:01:18] INFO root fetch - main [MainThread]: End processing [aws-solutions-constructs.aws-apigateway-kinesisstreams]: success
[2024-05-07 00:01:18] INFO root fetch - processPackages [aws-solutions-constructs.aws-apigateway-sagemakerendpoint]: New version: [2.9.0] Old Version: [2.8.0]
[2024-05-07 00:01:18] INFO root fetch - processPackages [aws-solutions-constructs.aws-apigateway-lambda]: New version: [2.9.0] Old Version: [2.8.0]
[2024-05-07 00:01:18] INFO root fetch - processPackages [gdshoplib]: Remove: archive file [/home/abi/fetcher/tmp/gdshoplib-2.5.1.tar.gz]
[2024-05-07 00:01:18] INFO root fetch - processPackages [gdshoplib]: Remove: archive file [/home/abi/fetcher/tmp/gdshoplib-2.5.2.tar.gz]
[2024-05-07 00:01:18] INFO root fetch - processPackages [gdshoplib]: Start processing: aws-solutions-constructs.aws-cloudfront-apigateway-lambda
[2024-05-07 00:01:18] INFO root fetch - processPackages [aws-solutions-constructs.aws-alb-lambda]: Remove: archive file [/home/abi/fetcher/tmp/aws-solutions-constructs.aws-alb-lambda-2.8.0.tar.gz]
[2024-05-07 00:01:18] INFO root fetch - main [MainThread]: End processing [gdshoplib]: success
[2024-05-07 00:01:18] INFO root fetch - processPackages [aws-solutions-constructs.aws-alb-lambda]: Remove: archive file [/home/abi/fetcher/tmp/aws-solutions-constructs.aws-alb-lambda-2.9.0.tar.gz]
[2024-05-07 00:01:18] INFO root fetch - processPackages [aws-solutions-constructs.aws-alb-lambda]: Start processing: aws-solutions-constructs.aws-cloudfront-mediastore
[2024-05-07 00:01:18] INFO root fetch - main [MainThread]: End processing [aws-solutions-constructs.aws-alb-lambda]: success
[2024-05-07 00:01:18] INFO root fetch - processPackages [aws-solutions-constructs.aws-apigateway-iot]: Remove: archive file [/home/abi/fetcher/tmp/aws-solutions-constructs.aws-apigateway-iot-2.8.0.tar.gz]
[2024-05-07 00:01:18] INFO root fetch - processPackages [aws-solutions-constructs.aws-apigateway-iot]: Remove: archive file [/home/abi/fetcher/tmp/aws-solutions-constructs.aws-apigateway-iot-2.9.0.tar.gz]
[2024-05-07 00:01:18] INFO root fetch - processPackages [aws-solutions-constructs.aws-apigateway-sqs]: New version: [2.9.0] Old Version: [2.8.0]
[2024-05-07 00:01:18] INFO root fetch - processPackages [aws-solutions-constructs.aws-apigateway-iot]: Start processing: aws-solutions-constructs.aws-cloudfront-s3
[2024-05-07 00:01:18] INFO root fetch - main [MainThread]: End processing [aws-solutions-constructs.aws-apigateway-iot]: success
[2024-05-07 00:01:19] INFO root fetch - processPackages [aws-solutions-constructs.aws-apigateway-dynamodb]: Remove: archive file [/home/abi/fetcher/tmp/aws-solutions-constructs.aws-apigateway-dynamodb-2.8.0.tar.gz]
[2024-05-07 00:01:19] INFO root fetch - processPackages [aws-solutions-constructs.aws-apigateway-dynamodb]: Remove: archive file [/home/abi/fetcher/tmp/aws-solutions-constructs.aws-apigateway-dynamodb-2.9.0.tar.gz]
[2024-05-07 00:01:19] INFO root fetch - main [MainThread]: End processing [aws-solutions-constructs.aws-apigateway-dynamodb]: success
[2024-05-07 00:01:19] INFO root fetch - processPackages [aws-solutions-constructs.aws-cloudfront-apigateway]: New version: [2.9.0] Old Version: [2.8.0]
[2024-05-07 00:01:19] INFO root fetch - processPackages [aws-solutions-constructs.aws-cloudfront-mediastore]: New version: [2.9.0] Old Version: [2.8.0]
[2024-05-07 00:01:19] INFO root fetch - processPackages [aws-solutions-constructs.aws-apigateway-sagemakerendpoint]: Downloading https://files.pythonhosted.org/packages/96/3e/b2f375791243dc2fa965fc560475d35ef821e63b450201d12d0e80d04b14/aws-solutions-constructs.aws-apigateway-sagemakerendpoint-2.8.0.tar.gz
[2024-05-07 00:01:19] INFO root fetch - processPackages [aws-solutions-constructs.aws-apigateway-lambda]: Downloading https://files.pythonhosted.org/packages/f3/b0/a0621b3a94bb139e5fc684e40f312287be9f7797b64f82c3b65487ab696e/aws-solutions-constructs.aws-apigateway-lambda-2.8.0.tar.gz
[2024-05-07 00:01:19] INFO root fetch - processPackages [aws-solutions-constructs.aws-cloudfront-s3]: New version: [2.9.0] Old Version: [2.8.0]
[2024-05-07 00:01:19] INFO root fetch - processPackages [aws-solutions-constructs.aws-cloudfront-apigateway-lambda]: New version: [2.9.0] Old Version: [2.8.0]
[2024-05-07 00:01:19] INFO root fetch - processPackages [aws-solutions-constructs.aws-apigateway-sqs]: Downloading https://files.pythonhosted.org/packages/7d/9c/4f8aec48c0432f469f7e866c4bdf1effccab4a70a017234ce6488f25927c/aws-solutions-constructs.aws-apigateway-sqs-2.8.0.tar.gz
[2024-05-07 00:01:19] INFO root fetch - processPackages [aws-solutions-constructs.aws-cloudfront-apigateway]: Downloading https://files.pythonhosted.org/packages/d9/e8/4ad9894677837abc83ca4d02f0abc7b6458fb28b876f1c1cb8ebed82e688/aws-solutions-constructs.aws-cloudfront-apigateway-2.8.0.tar.gz
[2024-05-07 00:01:19] INFO root fetch - processPackages [aws-solutions-constructs.aws-cloudfront-mediastore]: Downloading https://files.pythonhosted.org/packages/4b/a7/4b20db9c31c682557659f147bca938a4c2d51f3ba0d0fbda86727884650d/aws-solutions-constructs.aws-cloudfront-mediastore-2.8.0.tar.gz
[2024-05-07 00:01:19] INFO root fetch - processPackages [aws-solutions-constructs.aws-cloudfront-apigateway-lambda]: Downloading https://files.pythonhosted.org/packages/35/87/1097108ff69038fe6b387fec72687ce8fc4d478123e4e2f9e2cd34bcb4ef/aws-solutions-constructs.aws-cloudfront-apigateway-lambda-2.8.0.tar.gz
[2024-05-07 00:01:19] INFO root fetch - processPackages [aws-solutions-constructs.aws-cloudfront-s3]: Downloading https://files.pythonhosted.org/packages/fb/b4/f0b2989e7389e4893d42667aff16fd72f99055368f6a8501dc4e1a4576da/aws-solutions-constructs.aws-cloudfront-s3-2.8.0.tar.gz
[2024-05-07 00:01:19] INFO root fetch - processPackages [aws-solutions-constructs.aws-apigateway-lambda]: Downloading https://files.pythonhosted.org/packages/02/77/dac6cec53e806e4cd7877841a9967b9fec9e1de72b457953e8a427732ca2/aws-solutions-constructs.aws-apigateway-lambda-2.9.0.tar.gz
[2024-05-07 00:01:19] INFO root fetch - processPackages [aws-solutions-constructs.aws-apigateway-sagemakerendpoint]: Downloading https://files.pythonhosted.org/packages/2a/66/5e4e9b6d46c4f00c068ab306cbc680dc1de137e9dd0938d47a0b8f817e79/aws-solutions-constructs.aws-apigateway-sagemakerendpoint-2.9.0.tar.gz
[2024-05-07 00:01:19] INFO root fetch - processPackages [sbcli-mig]: Remove: archive file [/home/abi/fetcher/tmp/sbcli_mig-1.0.88.zip]
[2024-05-07 00:01:19] INFO root fetch - processPackages [sbcli-mig]: Remove: archive file [/home/abi/fetcher/tmp/sbcli-mig-1.0.9.zip]
[2024-05-07 00:01:19] INFO root fetch - main [MainThread]: End processing [sbcli-mig]: success
[2024-05-07 00:01:19] INFO root fetch - processPackages [aws-solutions-constructs.aws-apigateway-sqs]: Downloading https://files.pythonhosted.org/packages/6a/1a/596ddc669c4c8aaed163d44b9d636f040d0fcd1fe269518bd02af13d8bfa/aws-solutions-constructs.aws-apigateway-sqs-2.9.0.tar.gz
[2024-05-07 00:01:19] INFO root fetch - processPackages [aws-solutions-constructs.aws-apigateway-lambda]: executing diffoscope
[2024-05-07 00:01:19] INFO root fetch - processPackages [aws-solutions-constructs.aws-apigateway-lambda]: podman run --user 0:0 --rm -w /home/abi/fetcher -v /home/abi/fetcher/tmp:/home/abi/fetcher/tmp:ro -v /home/abi/fetcher/20240507:/home/abi/fetcher/20240507:rw registry.salsa.debian.org/reproducible-builds/diffoscope --no-progress tmp/aws-solutions-constructs.aws-apigateway-lambda-2.8.0.tar.gz tmp/aws-solutions-constructs.aws-apigateway-lambda-2.9.0.tar.gz --markdown 20240507/a/aws-solutions-constructs.aws-apigateway-lambda/2.8.0-2.9.0/README.md --exclude *.pyd
[2024-05-07 00:01:19] INFO root fetch - processPackages [vital-ai-haley-kg]: Remove: archive file [/home/abi/fetcher/tmp/vital-ai-haley-kg-0.1.3.tar.gz]
[2024-05-07 00:01:19] INFO root fetch - processPackages [vital-ai-haley-kg]: Remove: archive file [/home/abi/fetcher/tmp/vital-ai-haley-kg-0.1.4.tar.gz]
[2024-05-07 00:01:19] INFO root fetch - main [MainThread]: End processing [vital-ai-haley-kg]: success
[2024-05-07 00:01:19] INFO root fetch - processPackages [aws-solutions-constructs.aws-apigateway-sagemakerendpoint]: executing diffoscope
[2024-05-07 00:01:19] INFO root fetch - processPackages [aws-solutions-constructs.aws-apigateway-sagemakerendpoint]: podman run --user 0:0 --rm -w /home/abi/fetcher -v /home/abi/fetcher/tmp:/home/abi/fetcher/tmp:ro -v /home/abi/fetcher/20240507:/home/abi/fetcher/20240507:rw registry.salsa.debian.org/reproducible-builds/diffoscope --no-progress tmp/aws-solutions-constructs.aws-apigateway-sagemakerendpoint-2.8.0.tar.gz tmp/aws-solutions-constructs.aws-apigateway-sagemakerendpoint-2.9.0.tar.gz --markdown 20240507/a/aws-solutions-constructs.aws-apigateway-sagemakerendpoint/2.8.0-2.9.0/README.md --exclude *.pyd
[2024-05-07 00:01:19] INFO root fetch - processPackages [aws-solutions-constructs.aws-cloudfront-apigateway-lambda]: Downloading https://files.pythonhosted.org/packages/63/b3/7690d4e587d48a7bb8bae6326be7187e938faf84c0fbc8e48323e40ab960/aws-solutions-constructs.aws-cloudfront-apigateway-lambda-2.9.0.tar.gz
[2024-05-07 00:01:19] INFO root fetch - processPackages [aws-solutions-constructs.aws-cloudfront-apigateway]: Downloading https://files.pythonhosted.org/packages/2b/e9/5fff65e8d976d2870358f78e617627a537cec4e04343a7b52a5c82d32132/aws-solutions-constructs.aws-cloudfront-apigateway-2.9.0.tar.gz
[2024-05-07 00:01:19] INFO root fetch - processPackages [aws-solutions-constructs.aws-cloudfront-s3]: Downloading https://files.pythonhosted.org/packages/7d/02/90081016e4cc35fad498a09707a9042b47780b32c3177c46104daea9a38a/aws-solutions-constructs.aws-cloudfront-s3-2.9.0.tar.gz
[2024-05-07 00:01:19] INFO root fetch - processPackages [aws-solutions-constructs.aws-apigateway-sqs]: executing diffoscope
[2024-05-07 00:01:19] INFO root fetch - processPackages [aws-solutions-constructs.aws-apigateway-sqs]: podman run --user 0:0 --rm -w /home/abi/fetcher -v /home/abi/fetcher/tmp:/home/abi/fetcher/tmp:ro -v /home/abi/fetcher/20240507:/home/abi/fetcher/20240507:rw registry.salsa.debian.org/reproducible-builds/diffoscope --no-progress tmp/aws-solutions-constructs.aws-apigateway-sqs-2.8.0.tar.gz tmp/aws-solutions-constructs.aws-apigateway-sqs-2.9.0.tar.gz --markdown 20240507/a/aws-solutions-constructs.aws-apigateway-sqs/2.8.0-2.9.0/README.md --exclude *.pyd
[2024-05-07 00:01:19] INFO root fetch - processPackages [aws-solutions-constructs.aws-cloudfront-mediastore]: Downloading https://files.pythonhosted.org/packages/5f/04/cd9dfd2bc2ed4c099ad5ad1db569c03b130fcf22f8ede5c3a706eb58399f/aws-solutions-constructs.aws-cloudfront-mediastore-2.9.0.tar.gz
[2024-05-07 00:01:19] INFO root fetch - processPackages [aws-solutions-constructs.aws-cloudfront-apigateway-lambda]: executing diffoscope
[2024-05-07 00:01:19] INFO root fetch - processPackages [aws-solutions-constructs.aws-cloudfront-apigateway-lambda]: podman run --user 0:0 --rm -w /home/abi/fetcher -v /home/abi/fetcher/tmp:/home/abi/fetcher/tmp:ro -v /home/abi/fetcher/20240507:/home/abi/fetcher/20240507:rw registry.salsa.debian.org/reproducible-builds/diffoscope --no-progress tmp/aws-solutions-constructs.aws-cloudfront-apigateway-lambda-2.8.0.tar.gz tmp/aws-solutions-constructs.aws-cloudfront-apigateway-lambda-2.9.0.tar.gz --markdown 20240507/a/aws-solutions-constructs.aws-cloudfront-apigateway-lambda/2.8.0-2.9.0/README.md --exclude *.pyd
[2024-05-07 00:01:19] INFO root fetch - processPackages [aws-solutions-constructs.aws-cloudfront-apigateway]: executing diffoscope
[2024-05-07 00:01:19] INFO root fetch - processPackages [aws-solutions-constructs.aws-cloudfront-apigateway]: podman run --user 0:0 --rm -w /home/abi/fetcher -v /home/abi/fetcher/tmp:/home/abi/fetcher/tmp:ro -v /home/abi/fetcher/20240507:/home/abi/fetcher/20240507:rw registry.salsa.debian.org/reproducible-builds/diffoscope --no-progress tmp/aws-solutions-constructs.aws-cloudfront-apigateway-2.8.0.tar.gz tmp/aws-solutions-constructs.aws-cloudfront-apigateway-2.9.0.tar.gz --markdown 20240507/a/aws-solutions-constructs.aws-cloudfront-apigateway/2.8.0-2.9.0/README.md --exclude *.pyd
[2024-05-07 00:01:20] INFO root fetch - processPackages [aws-solutions-constructs.aws-cloudfront-s3]: executing diffoscope
[2024-05-07 00:01:20] INFO root fetch - processPackages [aws-solutions-constructs.aws-cloudfront-s3]: podman run --user 0:0 --rm -w /home/abi/fetcher -v /home/abi/fetcher/tmp:/home/abi/fetcher/tmp:ro -v /home/abi/fetcher/20240507:/home/abi/fetcher/20240507:rw registry.salsa.debian.org/reproducible-builds/diffoscope --no-progress tmp/aws-solutions-constructs.aws-cloudfront-s3-2.8.0.tar.gz tmp/aws-solutions-constructs.aws-cloudfront-s3-2.9.0.tar.gz --markdown 20240507/a/aws-solutions-constructs.aws-cloudfront-s3/2.8.0-2.9.0/README.md --exclude *.pyd
[2024-05-07 00:01:20] INFO root fetch - processPackages [aws-solutions-constructs.aws-cloudfront-mediastore]: executing diffoscope
[2024-05-07 00:01:20] INFO root fetch - processPackages [aws-solutions-constructs.aws-cloudfront-mediastore]: podman run --user 0:0 --rm -w /home/abi/fetcher -v /home/abi/fetcher/tmp:/home/abi/fetcher/tmp:ro -v /home/abi/fetcher/20240507:/home/abi/fetcher/20240507:rw registry.salsa.debian.org/reproducible-builds/diffoscope --no-progress tmp/aws-solutions-constructs.aws-cloudfront-mediastore-2.8.0.tar.gz tmp/aws-solutions-constructs.aws-cloudfront-mediastore-2.9.0.tar.gz --markdown 20240507/a/aws-solutions-constructs.aws-cloudfront-mediastore/2.8.0-2.9.0/README.md --exclude *.pyd
[2024-05-07 00:01:20] INFO root fetch - processPackages [aws-solutions-constructs.aws-apigateway-lambda]: Remove: archive file [/home/abi/fetcher/tmp/aws-solutions-constructs.aws-apigateway-lambda-2.8.0.tar.gz]
[2024-05-07 00:01:20] INFO root fetch - processPackages [aws-solutions-constructs.aws-apigateway-lambda]: Remove: archive file [/home/abi/fetcher/tmp/aws-solutions-constructs.aws-apigateway-lambda-2.9.0.tar.gz]
[2024-05-07 00:01:20] INFO root fetch - main [MainThread]: End processing [aws-solutions-constructs.aws-apigateway-lambda]: success
[2024-05-07 00:01:20] INFO root fetch - processPackages [aws-solutions-constructs.aws-apigateway-sqs]: Remove: archive file [/home/abi/fetcher/tmp/aws-solutions-constructs.aws-apigateway-sqs-2.8.0.tar.gz]
[2024-05-07 00:01:20] INFO root fetch - processPackages [aws-solutions-constructs.aws-apigateway-sqs]: Remove: archive file [/home/abi/fetcher/tmp/aws-solutions-constructs.aws-apigateway-sqs-2.9.0.tar.gz]
[2024-05-07 00:01:20] INFO root fetch - main [MainThread]: End processing [aws-solutions-constructs.aws-apigateway-sqs]: success
[2024-05-07 00:01:20] INFO root fetch - processPackages [aws-solutions-constructs.aws-cloudfront-apigateway-lambda]: Remove: archive file [/home/abi/fetcher/tmp/aws-solutions-constructs.aws-cloudfront-apigateway-lambda-2.8.0.tar.gz]
[2024-05-07 00:01:20] INFO root fetch - processPackages [aws-solutions-constructs.aws-cloudfront-apigateway-lambda]: Remove: archive file [/home/abi/fetcher/tmp/aws-solutions-constructs.aws-cloudfront-apigateway-lambda-2.9.0.tar.gz]
[2024-05-07 00:01:20] INFO root fetch - main [MainThread]: End processing [aws-solutions-constructs.aws-cloudfront-apigateway-lambda]: success
[2024-05-07 00:01:20] INFO root fetch - processPackages [aws-solutions-constructs.aws-cloudfront-apigateway]: Remove: archive file [/home/abi/fetcher/tmp/aws-solutions-constructs.aws-cloudfront-apigateway-2.8.0.tar.gz]
[2024-05-07 00:01:20] INFO root fetch - processPackages [aws-solutions-constructs.aws-cloudfront-apigateway]: Remove: archive file [/home/abi/fetcher/tmp/aws-solutions-constructs.aws-cloudfront-apigateway-2.9.0.tar.gz]
[2024-05-07 00:01:20] INFO root fetch - main [MainThread]: End processing [aws-solutions-constructs.aws-cloudfront-apigateway]: success
[2024-05-07 00:01:20] INFO root fetch - processPackages [aws-solutions-constructs.aws-apigateway-sagemakerendpoint]: Remove: archive file [/home/abi/fetcher/tmp/aws-solutions-constructs.aws-apigateway-sagemakerendpoint-2.8.0.tar.gz]
[2024-05-07 00:01:20] INFO root fetch - processPackages [aws-solutions-constructs.aws-apigateway-sagemakerendpoint]: Remove: archive file [/home/abi/fetcher/tmp/aws-solutions-constructs.aws-apigateway-sagemakerendpoint-2.9.0.tar.gz]
[2024-05-07 00:01:20] INFO root fetch - main [MainThread]: End processing [aws-solutions-constructs.aws-apigateway-sagemakerendpoint]: success
[2024-05-07 00:01:20] INFO root fetch - processPackages [aws-solutions-constructs.aws-cloudfront-s3]: Remove: archive file [/home/abi/fetcher/tmp/aws-solutions-constructs.aws-cloudfront-s3-2.8.0.tar.gz]
[2024-05-07 00:01:20] INFO root fetch - processPackages [aws-solutions-constructs.aws-cloudfront-s3]: Remove: archive file [/home/abi/fetcher/tmp/aws-solutions-constructs.aws-cloudfront-s3-2.9.0.tar.gz]
[2024-05-07 00:01:20] INFO root fetch - main [MainThread]: End processing [aws-solutions-constructs.aws-cloudfront-s3]: success
[2024-05-07 00:01:20] INFO root fetch - processPackages [aws-solutions-constructs.aws-cloudfront-mediastore]: Remove: archive file [/home/abi/fetcher/tmp/aws-solutions-constructs.aws-cloudfront-mediastore-2.8.0.tar.gz]
[2024-05-07 00:01:20] INFO root fetch - processPackages [aws-solutions-constructs.aws-cloudfront-mediastore]: Remove: archive file [/home/abi/fetcher/tmp/aws-solutions-constructs.aws-cloudfront-mediastore-2.9.0.tar.gz]
[2024-05-07 00:01:20] INFO root fetch - main [MainThread]: End processing [aws-solutions-constructs.aws-cloudfront-mediastore]: success
[2024-05-07 00:01:20] INFO root fetch - main [MainThread]: Store serial: [23085048]
